<?xml version="1.0" encoding="UTF-8"?>
<!-- Generated by org.testng.reporters.JUnitXMLReporter -->
<testsuite ignored="0" hostname="Rupa" failures="0" tests="4" name="Default test" time="9.556" errors="0" timestamp="2026-04-04T19:58:22 IST">
  <testcase classname="api.test.PetTest2" name="PostTestPet" time="3.634"/>
  <testcase classname="api.test.PetTest2" name="GetTestPet" time="1.485"/>
  <testcase classname="api.test.PetTest2" name="UpdateTestPet" time="2.769"/>
  <testcase classname="api.test.PetTest2" name="DeleteTestPet" time="1.519"/>
</testsuite> <!-- Default test -->
