<?xml version="1.0" encoding="UTF-8"?>
<!-- Generated by org.testng.reporters.JUnitXMLReporter -->
<testsuite ignored="0" hostname="Rupa" failures="0" tests="4" name="Pet Tests" time="10.701" errors="0" timestamp="2026-04-04T22:15:04 IST">
  <testcase classname="api.test.PetTest2" name="PostTestPet" time="3.938"/>
  <testcase classname="api.test.PetTest2" name="GetTestPet" time="2.669"/>
  <testcase classname="api.test.PetTest2" name="UpdateTestPet" time="2.319"/>
  <testcase classname="api.test.PetTest2" name="DeleteTestPet" time="1.525"/>
</testsuite> <!-- Pet Tests -->
