<?xml version="1.0" encoding="UTF-8"?>
<!-- Generated by org.testng.reporters.JUnitXMLReporter -->
<testsuite ignored="0" hostname="DESKTOP-A019G2G" failures="0" tests="4" name="Test" time="11.157" errors="0" timestamp="2026-03-24T18:05:16 IST">
  <testcase classname="api.test.UserTests2" name="postTestUser" time="4.616"/>
  <testcase classname="api.test.UserTests2" name="getTestUser" time="1.472"/>
  <testcase classname="api.test.UserTests2" name="updateTestUser" time="2.963"/>
  <testcase classname="api.test.UserTests2" name="deleteTestUser" time="1.397"/>
</testsuite> <!-- Test -->
