<?xml version="1.0" encoding="UTF-8"?>
<!-- Generated by org.testng.reporters.JUnitXMLReporter -->
<testsuite ignored="0" hostname="Rupa" failures="0" tests="4" name="User Tests" time="7.582" errors="0" timestamp="2026-04-04T22:15:12 IST">
  <testcase classname="api.test.UserTests2" name="postTestUser" time="1.504"/>
  <testcase classname="api.test.UserTests2" name="getTestUser" time="1.55"/>
  <testcase classname="api.test.UserTests2" name="updateTestUser" time="2.964"/>
  <testcase classname="api.test.UserTests2" name="deleteTestUser" time="1.524"/>
</testsuite> <!-- User Tests -->
