<?xml version="1.0" encoding="UTF-8"?>
<testng-results ignored="0" total="4" passed="4" failed="0" skipped="0">
  <reporter-output>
  </reporter-output>
  <suite started-at="2026-03-24T18:34:50 IST" name="Suite" finished-at="2026-03-24T18:35:01 IST" duration-ms="11178">
    <groups>
    </groups>
    <test started-at="2026-03-24T18:34:50 IST" name="Test" finished-at="2026-03-24T18:35:01 IST" duration-ms="11178">
      <class name="api.test.UserTests2">
        <test-method is-config="true" signature="setup()[pri:0, instance:api.test.UserTests2@55322aab]" started-at="2026-03-24T18:34:50 IST" name="setup" finished-at="2026-03-24T18:34:51 IST" duration-ms="412" status="PASS">
          <reporter-output>
          </reporter-output>
        </test-method> <!-- setup -->
        <test-method signature="postTestUser()[pri:1, instance:api.test.UserTests2@55322aab]" started-at="2026-03-24T18:34:51 IST" name="postTestUser" finished-at="2026-03-24T18:34:56 IST" duration-ms="5157" status="PASS">
          <reporter-output>
          </reporter-output>
        </test-method> <!-- postTestUser -->
        <test-method signature="getTestUser()[pri:2, instance:api.test.UserTests2@55322aab]" started-at="2026-03-24T18:34:56 IST" name="getTestUser" finished-at="2026-03-24T18:34:57 IST" duration-ms="1394" status="PASS">
          <reporter-output>
          </reporter-output>
        </test-method> <!-- getTestUser -->
        <test-method signature="updateTestUser()[pri:3, instance:api.test.UserTests2@55322aab]" started-at="2026-03-24T18:34:57 IST" name="updateTestUser" finished-at="2026-03-24T18:35:00 IST" duration-ms="2460" status="PASS">
          <reporter-output>
          </reporter-output>
        </test-method> <!-- updateTestUser -->
        <test-method signature="deleteTestUser()[pri:4, instance:api.test.UserTests2@55322aab]" started-at="2026-03-24T18:35:00 IST" name="deleteTestUser" finished-at="2026-03-24T18:35:01 IST" duration-ms="1326" status="PASS">
          <reporter-output>
          </reporter-output>
        </test-method> <!-- deleteTestUser -->
      </class> <!-- api.test.UserTests2 -->
    </test> <!-- Test -->
  </suite> <!-- Suite -->
</testng-results>
