<?xml version="1.0" encoding="UTF-8"?>
<testng-results ignored="0" total="4" passed="4" failed="0" skipped="0">
  <reporter-output>
  </reporter-output>
  <suite started-at="2026-03-24T18:05:04 IST" name="Suite" finished-at="2026-03-24T18:05:16 IST" duration-ms="11157">
    <groups>
    </groups>
    <test started-at="2026-03-24T18:05:04 IST" name="Test" finished-at="2026-03-24T18:05:16 IST" duration-ms="11157">
      <class name="api.test.UserTests2">
        <test-method is-config="true" signature="setup()[pri:0, instance:api.test.UserTests2@5a7005d]" started-at="2026-03-24T18:05:05 IST" name="setup" finished-at="2026-03-24T18:05:05 IST" duration-ms="319" status="PASS">
          <reporter-output>
          </reporter-output>
        </test-method> <!-- setup -->
        <test-method signature="postTestUser()[pri:1, instance:api.test.UserTests2@5a7005d]" started-at="2026-03-24T18:05:05 IST" name="postTestUser" finished-at="2026-03-24T18:05:10 IST" duration-ms="4616" status="PASS">
          <reporter-output>
          </reporter-output>
        </test-method> <!-- postTestUser -->
        <test-method signature="getTestUser()[pri:2, instance:api.test.UserTests2@5a7005d]" started-at="2026-03-24T18:05:10 IST" name="getTestUser" finished-at="2026-03-24T18:05:11 IST" duration-ms="1472" status="PASS">
          <reporter-output>
          </reporter-output>
        </test-method> <!-- getTestUser -->
        <test-method signature="updateTestUser()[pri:3, instance:api.test.UserTests2@5a7005d]" started-at="2026-03-24T18:05:11 IST" name="updateTestUser" finished-at="2026-03-24T18:05:14 IST" duration-ms="2963" status="PASS">
          <reporter-output>
          </reporter-output>
        </test-method> <!-- updateTestUser -->
        <test-method signature="deleteTestUser()[pri:4, instance:api.test.UserTests2@5a7005d]" started-at="2026-03-24T18:05:14 IST" name="deleteTestUser" finished-at="2026-03-24T18:05:16 IST" duration-ms="1397" status="PASS">
          <reporter-output>
          </reporter-output>
        </test-method> <!-- deleteTestUser -->
      </class> <!-- api.test.UserTests2 -->
    </test> <!-- Test -->
  </suite> <!-- Suite -->
</testng-results>
