<?xml version="1.0" encoding="UTF-8"?>
<testng-results ignored="0" total="8" passed="8" failed="0" skipped="0">
  <reporter-output>
  </reporter-output>
  <suite started-at="2026-04-04T22:14:53 IST" name="Suite" finished-at="2026-04-04T22:15:11 IST" duration-ms="18473">
    <groups>
    </groups>
    <test started-at="2026-04-04T22:14:53 IST" name="Pet Tests" finished-at="2026-04-04T22:15:04 IST" duration-ms="10701">
      <class name="api.test.PetTest2">
        <test-method is-config="true" signature="setupPetData()[pri:0, instance:api.test.PetTest2@4de41af9]" started-at="2026-04-04T22:14:53 IST" name="setupPetData" finished-at="2026-04-04T22:14:53 IST" duration-ms="99" status="PASS">
          <reporter-output>
          </reporter-output>
        </test-method> <!-- setupPetData -->
        <test-method signature="PostTestPet()[pri:1, instance:api.test.PetTest2@4de41af9]" started-at="2026-04-04T22:14:53 IST" name="PostTestPet" finished-at="2026-04-04T22:14:57 IST" duration-ms="3938" status="PASS">
          <reporter-output>
          </reporter-output>
        </test-method> <!-- PostTestPet -->
        <test-method signature="GetTestPet()[pri:2, instance:api.test.PetTest2@4de41af9]" started-at="2026-04-04T22:14:57 IST" name="GetTestPet" finished-at="2026-04-04T22:15:00 IST" duration-ms="2669" status="PASS">
          <reporter-output>
          </reporter-output>
        </test-method> <!-- GetTestPet -->
        <test-method signature="UpdateTestPet()[pri:3, instance:api.test.PetTest2@4de41af9]" started-at="2026-04-04T22:15:00 IST" name="UpdateTestPet" finished-at="2026-04-04T22:15:02 IST" duration-ms="2319" status="PASS">
          <reporter-output>
          </reporter-output>
        </test-method> <!-- UpdateTestPet -->
        <test-method signature="DeleteTestPet()[pri:4, instance:api.test.PetTest2@4de41af9]" started-at="2026-04-04T22:15:02 IST" name="DeleteTestPet" finished-at="2026-04-04T22:15:04 IST" duration-ms="1525" status="PASS">
          <reporter-output>
          </reporter-output>
        </test-method> <!-- DeleteTestPet -->
      </class> <!-- api.test.PetTest2 -->
    </test> <!-- Pet Tests -->
    <test started-at="2026-04-04T22:15:04 IST" name="User Tests" finished-at="2026-04-04T22:15:11 IST" duration-ms="7582">
      <class name="api.test.UserTests2">
        <test-method is-config="true" signature="setup()[pri:0, instance:api.test.UserTests2@2364305a]" started-at="2026-04-04T22:15:04 IST" name="setup" finished-at="2026-04-04T22:15:04 IST" duration-ms="30" status="PASS">
          <reporter-output>
          </reporter-output>
        </test-method> <!-- setup -->
        <test-method signature="postTestUser()[pri:1, instance:api.test.UserTests2@2364305a]" started-at="2026-04-04T22:15:04 IST" name="postTestUser" finished-at="2026-04-04T22:15:05 IST" duration-ms="1504" status="PASS">
          <reporter-output>
          </reporter-output>
        </test-method> <!-- postTestUser -->
        <test-method signature="getTestUser()[pri:2, instance:api.test.UserTests2@2364305a]" started-at="2026-04-04T22:15:05 IST" name="getTestUser" finished-at="2026-04-04T22:15:07 IST" duration-ms="1550" status="PASS">
          <reporter-output>
          </reporter-output>
        </test-method> <!-- getTestUser -->
        <test-method signature="updateTestUser()[pri:3, instance:api.test.UserTests2@2364305a]" started-at="2026-04-04T22:15:07 IST" name="updateTestUser" finished-at="2026-04-04T22:15:10 IST" duration-ms="2964" status="PASS">
          <reporter-output>
          </reporter-output>
        </test-method> <!-- updateTestUser -->
        <test-method signature="deleteTestUser()[pri:4, instance:api.test.UserTests2@2364305a]" started-at="2026-04-04T22:15:10 IST" name="deleteTestUser" finished-at="2026-04-04T22:15:11 IST" duration-ms="1524" status="PASS">
          <reporter-output>
          </reporter-output>
        </test-method> <!-- deleteTestUser -->
      </class> <!-- api.test.UserTests2 -->
    </test> <!-- User Tests -->
  </suite> <!-- Suite -->
</testng-results>
