<?xml version="1.0" encoding="UTF-8"?>
<!-- Generated by org.testng.reporters.JUnitReportReporter -->
<testsuite hostname="Rupa" failures="0" tests="4" name="api.test.PetTest2" time="10.451" errors="0" timestamp="2026-04-04T22:15:12 IST" skipped="0">
  <testcase classname="api.test.PetTest2" name="PostTestPet" time="3.938"/>
  <testcase classname="api.test.PetTest2" name="GetTestPet" time="2.669"/>
  <testcase classname="api.test.PetTest2" name="UpdateTestPet" time="2.319"/>
  <testcase classname="api.test.PetTest2" name="DeleteTestPet" time="1.525"/>
</testsuite> <!-- api.test.PetTest2 -->
