<?xml version="1.0" encoding="UTF-8"?>
<!-- Generated by org.testng.reporters.JUnitReportReporter -->
<testsuite hostname="Rupa" failures="0" tests="4" name="api.test.UserTests2" time="7.542" errors="0" timestamp="2026-04-04T22:15:12 IST" skipped="0">
  <testcase classname="api.test.UserTests2" name="postTestUser" time="1.504"/>
  <testcase classname="api.test.UserTests2" name="getTestUser" time="1.550"/>
  <testcase classname="api.test.UserTests2" name="updateTestUser" time="2.964"/>
  <testcase classname="api.test.UserTests2" name="deleteTestUser" time="1.524"/>
</testsuite> <!-- api.test.UserTests2 -->
