<?xml version="1.0" encoding="UTF-8"?>
<!-- Generated by org.testng.reporters.JUnitReportReporter -->
<testsuite hostname="Rupa" failures="0" tests="4" name="api.test.UserTests2" time="9.453" errors="0" timestamp="2026-03-25T13:41:38 IST" skipped="0">
  <testcase classname="api.test.UserTests2" name="postTestUser" time="3.372"/>
  <testcase classname="api.test.UserTests2" name="getTestUser" time="1.584"/>
  <testcase classname="api.test.UserTests2" name="updateTestUser" time="2.966"/>
  <testcase classname="api.test.UserTests2" name="deleteTestUser" time="1.531"/>
</testsuite> <!-- api.test.UserTests2 -->
