<?xml version="1.0" encoding="UTF-8"?>
<!-- Generated by org.testng.reporters.JUnitReportReporter -->
<testsuite hostname="DESKTOP-A019G2G" failures="0" tests="4" name="api.test.UserTests2" time="10.337" errors="0" timestamp="2026-03-24T18:35:02 IST" skipped="0">
  <testcase classname="api.test.UserTests2" name="postTestUser" time="5.157"/>
  <testcase classname="api.test.UserTests2" name="getTestUser" time="1.394"/>
  <testcase classname="api.test.UserTests2" name="updateTestUser" time="2.460"/>
  <testcase classname="api.test.UserTests2" name="deleteTestUser" time="1.326"/>
</testsuite> <!-- api.test.UserTests2 -->
